[    0.000] Initiaizng cro subsy cset   0.000000] Initializing cgro ssys u
[  0000] nialing rop subs cpuacct
[   0.000000]Liuxversio4.4.0-83-genric (buildd@lg1-) (g vrsn 4.0 20069 (Ubuu 5.4.0-6untu1~16..4) ) #106buntu SMP on Jun 26 7::4UTC 2017 (Ubuntu.4-83.6-enic.4.70
    .000000] Command line: BOOT_IMAGE=/boot/vmlinuz-4.4.0-83-generic root=LABEL=cloudimg-rootfs ro console=tty1 console=ttyS0
[    0.000000] KERNEL supported cpus:
[    0.000000]   Intel GenuineIntel
[    0.000000]   AMD AuthenticAMD
[    0.000000]   Centaur CentrHuls
[   .000] x86/puLegacy x87 FU detected
  .000000] x86/fpuUsg 'ly'FPcoext swchs.[   0.0000] 20BIOS-provied pysical RM map:
[   00000] BIOS-e820: [mem 0x0000000000000000-0x000000000009fbff] usable
[    0.000000] BIOS-e820: [mem 0x000000000009fc00-0x000000000009ffff] reserved
[    0.000000] BIOS-e820: [mem 0x00000000000f0000-0x00000000000fffff] reserved
[    0.000000] BIOS-e820: [mem 0x0000000000100000-0x00000000dffeffff] usable
[    0.000000] BIOS-e820: [mem 0x00000000dfff0000-0x00000000dfffffff] ACPI data
[    0.000000] BIOS-e820: [mem 0x00000000fffc00000x00000000ffffffff] reserved
[    0.000000] BIOS-e820: [mem 0x00000001000000-0x000011ffffffusble
[  000000]X Execute Diab) protection: aciv
[    .0000] SMBIO 2 present.
[    0.000000] Hypervisor detected: KVM
[    0.000000] e820: last_pfn = 0x120000 max_arch_pfn = 0x400000000
[    0.000000] MTRR: Disabled
[    0.000000] x86/PAT: MTRRs disabled, skipping PAT initialization too.
[    0.000000] x86/PAT: Configuration [0-7]: WB  WT  UC- UC  WB  WT  UC- UC  
[    0.000000] CPU MTRRs all blank - virtualized system.
[    0.000000] e820: last_pfn = 0xdfff0 max_arch_pfn = 0x400000000
[    0.000000] found SMP MP-table at [mem 0x0009fff0-0x0009ffff] mapped at [ffff88000009fff0]
[    0.000000] Scanning 1 areas for low emory corruption
[    0.000000] RAMDISK: [mem 0x36aca000-0x3755cfff]
[    0.000000] ACPI: Early table checksum verification disabled
[    0.000000] ACPI: RSDP 0x00000000000E0000 000024 (v02 VBOX  )
[    0.000000] ACPI: XSDT 0x00000000DFFF0030 00003C (v01 VBOX   VBOXXSDT 00000001 ASL  00000061)
[    0.000000] ACPI: FACP 0x00000000DFFF00F0 0000F4 (v04 VBOX   VBOXFACP 00000001 ASL  000061)[  0.00000]CP: DSD0x00000DF040 002118(v VBOX  VBBIS 0000002 TL 20608)
[    0.000000] ACPI: FACS 0x00000000DFFF0200 000040
[    0.000000] ACPI FACS 0x00000000DFFF0200 000040
[    0.000000] ACPI: APIC 0x00000000DFFF0240 00005C (v02 VBOX   VBOXAPIC 00000001 ASL  00000061)
[    0.000000] ACPI: SSDT 0x00000000DFFF02A0 0001CC (v01 VBOX   VBOXCPUT 00000002 INTL 20160108)
[    0.000000] No NUMA configuration found
[    0.000000] Faking a node at [mem 0x0000000000000000-0x000000011fffffff]
[    0.000000] NODE_DATA(0) allocated [mem 0x11fff7000-0x11fffbfff]
[    0.000000] kvm-clock: Using msrs 4b564d01 and 4b564d00
[    0.000000] kvm-clock: cpu 0, msr 1:1ffef001, primary cpu clock
[    0.000000] kvm-clock: using sched offset of 3537592376 cycles
[    0.000000] clocksource: kvm-clock: mask: 0xffffffffffffffff max_cycles: 0x1cd42e4dffb, max_idle_ns: 881590591483 ns
[    0.000000] Zone ranges:
[    0.000000]   DMA      [mem 0x0000000000001000-0x0000000000ffffff]
[    0.000000]   DMA32    [mem 0x0000000001000000-0x00000000ffffffff]
[    0.000000]   Normal   [mem 0x0000000100000000-0x000000011fffffff]
[    0.000000]   Device   empty
[    0.000000] Movable zone start for each node
[    0.000000] Early memory node ranges
[    0.000000]   node   0: [mem 0x0000000000001000-0x000000000009efff]
[    0.000000]   node   0: [mem 0x0000000000100000-0x00000000dffeffff]
[    0.000000]   node   0: [mem 0x0000000100000000-0x000000011fffffff]
[    0.000000] Initmem setup node 0 [mem 0x0000000000001000-0x000000011fffffff]
[    0.000000] ACPI: PM-Timer IO Port: 0x4008
[    0.000000] IOAPIC[0]: apic_id 2, version 17, address 0xfec00000, GSI 0-23
[    0.000000] ACPI: INT_SRC_OVR (bus 0 bus_irq 0 global_irq 2 dfl dfl)
[    0.000000] ACPI: INT_SRC_OVR (bus 0 bus_irq 9 global_irq 9 high level)
[    0.000000] Using ACPI (MADT) for SMP configurtion information
[    0.000000] smpboot: Allowing 2 CPUs, 0 hotplug CPUs
[    0.000000] PM: Registered nosave memory: [mem 0x00000000-0x00000fff]
[    0.000000] PM: Registered nosave memory: [mem 0x0009f000-0x0009ffff]
[    0.000000] PM: Registered nosave memory: [mem 0x000a0000-0x000effff]
[    0.000000] PM: Registered nosave memory: [mem 0x000f0000-0x000fffff]
[    0.000000] PM: Registered nosave memory: [mem 0xdfff0000-0xdfffffff]
[    0.000000] PM: Registered nosave memory: [mem 0xe0000000-0xfffbffff]
[    0.000000] PM: Registered nosave memory: [mem 0xfffc0000-0xffffffff]
[    0.000000] e820: [mem 0xe0000000-0xfffbffff] available for PCI devices
[    0.000000] Booting paravirtualized kernel on KVM
[    0.000000] clocksource: refined-jiffies: mask: 0xfffffffff max_cycles: 0xffffffff, max_idle_ns: 7645519600211568 ns
[    0.000000] setup_percpu: NR_CPUS:512 nr_cpumask_bits:512 nr_cpu_ids:2 nr_node_ids:1
[    0.000000] PERCPU: Embedded 33 pages/cpu @ffff88011fc00000 s98264 r8192 d28712 u1048576
[    0.000000] PV qspinlock hash table entries: 256 (order: 0, 4096 bytes)
[    0.000000] Built 1 zonelists in Node order, mobility grouping on.  Total pages: 1032057
[    0.000000] Policy zone: Normal
[    0.000000] Kernel command line: BOOT_IMAGE=/boot/vmlinuz-4.4.0-83-generic root=LABEL=cloudimg-rootfs ro console=tty1 console=ttyS0
[    0.000000] PID hash table entries: 4096 (order: 3, 32768 bytes)
[    0.000000] Memory: 4032260K/4193848K available (8469K kernel code, 1294K rwdata, 3984K rodata, 1488K init, 1316K bss, 161588K reserved, 0K cma-reserved)
[    0.000000] SLUB: HWalign=64, Order=0-3, MinObjects=0, CPUs=2, Nodes=1
[    0.000000] Hierarchical RCU implementation.
[    0.000000] 	Build-time adjustment of leaf fanout to 64.
[    0.000000] 	RCU restricting CPUs from NR_CPUS=512 to nr_cpu_ids=2.
[    0.000000] RCU: Adjusting geometry for rcu_fanout_leaf=64, nr_cpu_ids=2
[    0.000000] NR_IRQS:33024 nr_irqs:440 16
[    0.00000]onle: lor A+ 80x25
  0.00] cool [y1enabd
[    000000] coole [ttyS0 enabled
    0.000000] tsc: Detected 2659.998 MHz processor
[    5.096369] Calibrating delay loop (skipped) preset value.. 5319.99 BogoMIPS (lpj=10639992)
[    5.246012] pid_max: default: 32768 minimum: 301
[    5.268720] ACPI: Core revision 20150930
[    5.277906] ACPI: 2 ACPI AML tables successfully acquired and loaded
[    5.279249] Security Framework initialized
[    5.280119] Yama: becoming mindful.
[    5.280947] AppArmor: AppArmor initialized
[    5.282584] Dentry cache hash table entries: 524288 (order: 10, 4194304 bytes)
[    5.285918] Inode-cache hash table entries: 262144 (order: 9, 2097152 bytes)
[    5.349949] Mount-cache hash table entries: 8192 (order: 4, 65536 bytes)
[    5.515645] Mountpoint-cache hash table entries: 8192 (order: 4, 65536 bytes)
[    5.727088] Initializing cgroup subsys io
[    5.827325] Initializing cgroup subsys memory
[    5.943429] Initializing cgroup subsys devices
[    6.061723] Initializing cgroup subsys freezer
[    6.164623] Initializing cgroup subsys net_cls
[    6.213045] Initializing cgroup subsys perf_event
[    6.266215] Initializing cgroup subsys net_prio
[    6.325919] Initializing cgroup subsys hugetlb
[    6.335893] Initializing cgroup subsys pids
[    6.338130] CPU: Physical Processor ID: 0
[    6.342620] CPU: Processor Core ID: 0
[    6.344472] mce: CPU supports 0 MCE banks
[    6.345890] Last level iTLB entries: 4KB 512, 2MB 7, 4MB 7
[    6.349672] Last level dTLB entries: 4KB 512, 2MB 32, 4MB 32, 1GB 0
[    6.356069] Freeing SMP alternatives memory: 32K (ffffffff820b9000 - ffffffff820c1000)
[    6.371791] ftrace: allocating 32129 entries in 126 pages
[    6.421025] smpboot: APIC(0) Converting physical 0 to logical package 0
[    6.429713] smpboot: Max logical packages: 1
[    6.434595] ..TIMER: vector=0x30 apic1=0 pin1=2 apic2=-1 pin2=-1
[    6.544809] smpboot: CPU0: Intel(R) Xeon(R) CPU           X3450  @ 2.67GHz (family: 0x6, model: 0x1e, stepping: 0x5)
[    6.561465] Performance Events: unsupported p6 CPU model 30 no PMU driver, software events only.
[    6.576058] KVM setup paravirtual spinlock
[    6.582521] x86: Booting SMP configuration:
[    6.585382] .... node  #0, CPUs:      #1
[    6.596314] kvm-clock: cpu 1, msr 1:1ffef041, secondary cpu clock
[    6.686659] mce: CPU supports 0 MCE banks
[    6.746515] x86: Booted up 1 node, 2 CPUs
[    6.747791] smpboot: Total of 2 processors activated (10639.99 BogoMIPS)
[    6.751534] devtmpfs: initialized
[    6.755572] evm: security.selinux
[    6.757617] evm: security.SMACK64
[    6.760977] evm: security.SMACK64EXEC
[    6.765099] evm: security.SMACK64TRANSMUTE
[    6.769258] evm: security.SMACK64MMAP
[    6.773277] evm: security.ima
[    6.775998] evm: security.capability
[    6.777223] clocksource: jiffies: mask: 0xffffffff max_cycles: 0xffffffff, max_idle_ns: 7645041785100000 ns
[    6.786843] futex hash table entries: 512 (order: 3, 32768 bytes)
[    6.790158] pinctrl core: initialized pinctrl subsystem
[    6.795068] RTC time:  7:22:29, date: 07/18/17
[    6.797633] NET: Registered protocol family 16
[    6.816773] cpuidle: using governor ladder
[    6.836439] cpuidle: using governor menu
[    6.837615] PCCT header not found.
[    6.843022] ACPI: bus type PCI registered
[    6.845951] acpiphp: ACPI Hot Plug PCI Controller Driver version: 0.5
[    6.849992] PCI: Using configuration type 1 for base access
[    6.865849] ACPI: Added _OSI(Module Device)
[    6.869538] ACPI: Added _OSI(Processor Device)
[    6.873131] ACPI: Added _OSI(3.0 _SCP Extensions)
[    6.876376] ACPI: Added _OSI(Processor Aggregator Device)
[    6.878349] ACPI: Executed 1 blocks of module-level executable AML code
[    6.891592] ACPI: Interpreter enabled
[    6.893737] ACPI: (supports S0 S5)
[    6.896072] ACPI: Using IOAPIC for interrupt routing
[    6.897498] PCI: Using host bridge windows from ACPI; if necessary, use "pci=nocrs" and report a bug
[    6.907622] ACPI: PCI Root Bridge [PCI0] (domain 0000 [bus 00-ff])
[    6.911227] acpi PNP0A03:00: _OSC: OS supports [ASPM ClockPM Segments MSI]
[    6.914253] acpi PNP0A03:00: _OSC failed (AE_NOT_FOUND); disabling ASPM
[    6.916899] acpi PNP0A03:00: fail to add MMCONFIG information, can't access extended PCI configuration space under this bridge.
[    6.922960] PCI host bridge to bus 0000:00
[    6.925178] pci_bus 0000:00: root bus resource [io  0x0000-0x0cf7 window]
[    6.926735] pci_bus 0000:00: root bus resource [io  0x0d00-0xffff window]
[    6.928245] pci_bus 0000:00: root bus resource [mem 0x000a0000-0x000bffff window]
[    6.930267] pci_bus 0000:00: root bus resource [mem 0xe0000000-0xffdfffff window]
[    6.934177] pci_bus 0000:00: root bus resource [bus 00-ff]
[    6.939078] pci 0000:00:01.1: legacy IDE quirk: reg 0x10: [io  0x01f0-0x01f7]
[    6.942058] pci 0000:00:01.1: legacy IDE quirk: reg 0x14: [io  0x03f6]
[    6.946099] pci 0000:00:01.1: legacy IDE quirk: reg 0x18: [io  0x0170-0x0177]
[    6.950214] pci 0000:00:01.1: legacy IDE quirk: reg 0x1c: [io  0x0376]
[    7.076298] ACPI: PCI Interrupt Link [LNKA] (IRQs 5 9 10 11) *0, disabled.
[    7.083564] ACPI: PCI Interrupt Link [LNKB] (IRQs 5 9 10 *11)
[    7.094286] ACPI: PCI Interrupt Link [LNKC] (IRQs 5 9 *10 11)
[    7.105323] ACPI: PCI Interrupt Link [LNKD] (IRQs 5 *9 10 11)
[    7.115878] ACPI: Enabled 2 GPEs in block 00 to 07
[    7.118763] vgaarb: setting as boot device: PCI:0000:00:02.0
[    7.120098] vgaarb: device added: PCI:0000:00:02.0,decodes=io+mem,owns=io+mem,locks=none
[    7.132524] vgaarb: loaded
[    7.135932] vgaarb: bridge control possible 0000:00:02.0
[    7.146258] SCSI subsystem initialized
[    7.156377] ACPI: bus type USB registered
[    7.165716] usbcore: registered new interface driver usbfs
[    7.170129] usbcore: registered new interface driver hub
[    7.174835] usbcore: registered new device driver usb
[    7.177757] PCI: Using ACPI for IRQ routing
[    7.182043] NetLabel: Initializing
[    7.189132] NetLabel:  domain hash size = 128
[    7.193404] NetLabel:  protocols = UNLABELED CIPSOv4
[    7.196353] NetLabel:  unlabeled traffic allowed by default
[    7.202037] amd_nb: Cannot enumerate AMD northbridges
[    7.205995] clocksource: Switched to clocksource kvm-clock
[    7.217483] AppArmor: AppArmor Filesystem Enabled
[    7.224050] pnp: PnP ACPI init
[   .2680]pn: nPACI: found 3 devices
[    7.467653] clocksource: acpi_pm: mask: 0xffffff max_cycles: 0xffffff, max_idle_ns: 2085701024 ns
[   .4792] NET: Registered protocol family 2

[    7.571783] TCP established hash table entries: 32768 (order: 6, 262144 bytes)
[   .575981] TCP bind hash table entries: 32768 (order: 7, 524288 bytes)
[   .623883] TCP: Hash tables configured (established 32768 bind 32768)
[   7.671216] UDP hash table entries: 2048 (order: 4, 65536 bytes)
[   .6552]UD-Ltehah abe ntie: 04 (rdr:4,6536byes
   82490] ET Rgistered protocol family 1
[    8.453706] pci 0000:00:00.0: Limiting direct PCI/PCI transfers
[   .456685] pci 0000:00:01.0: Activating ISA DMA hang workarounds
[   .507024] Unpacking initramfs...

[   10.397719] Freeing initrd memory: 10828K (ffff880036aca000 - ffff88003755d000)
[   10.638899] PCI-DMA: Using software bounce buffering for IO (SWIOTLB)
[   10.640170] software IO TLB [mem 0xdbff0000-0xdfff0000] (64MB) mapped at [ffff8800dbff0000-ffff8800dffeffff]
[   10.642367] platform rtc_cmos: registered platform RTC device (no PNP device found)
[   10.656612] Scanning for low memory corruption every 60 seconds
[   10.658804] audit: initializing netlink subsys (disabled)
[   10.662976] audit: type=2000 audit(1500362551.571:1): initialized
[   10.664630] Initialise system trusted keyring
[   10.674277] HugeTLB registered 2 MB page size, pre-allocated 0 pages
[   10.688215] zbud: loaded
[   10.696436] VFS: Disk quotas dquot_6.6.0
[   10.698636] VFS: Dquot-cache hash table entries: 512 (order 0, 4096 bytes)
[   10.707088] squashfs: version 4.0 (2009/01/31) Phillip Lougher
[   10.715353] fuse init (API version 7.23)
[   10.722750] Key type big_key registered
[   10.729205] Allocating IMA MOK and blacklist keyrings.
[   10.735018] Key type asymmetric registered
[   10.746426] Asymmetric key parser 'x509' registered
[   10.747553] Block layer SCSI generic (bsg) driver version 0.4 loaded (major 249)
[   10.749492] io scheduler noop registered
[   10.750486] io scheduler deadline registered (default)
[   10.751657] io scheduler cfq registered
[   10.752678] pci_hotplug: PCI Hot Plug PCI Core version: 0.5
[   10.753910] pciehp: PCI Express Hot Plug Controller Driver version: 0.4
[   10.755506] ACPI: AC Adapter [AC] (on-line)
[   10.758646] input: Power Button as /devices/LNXSYSTM:00/LNXPWRBN:00/input/input0
[   10.771250] ACPI: Power Button [PWRF]
[   10.776267] input: Sleep Button as /devices/LNXSYSTM:00/LNXSLPBN:00/input/input1
[   10.778019] ACPI: Sleep Button [SLPF]
[   10.782771] GHES: HEST is not enabled!
[   10.786251] Serial: 8250/16550 driver, 32 ports, IRQ sharing enabled
[   10.816614] 00:02: ttyS0 at I/O 0x3f8 (irq = 4, base_baud = 115200) is a 16550A
[   10.823420] Linux agpgart interface v0.103
[   10.928180] loop: module loaded
[   11.082752] scsi host0: ata_piix
[   11.226058] scsi host1: ata_piix
[   11.490096] ata1: PATA max UDMA/33 cmd 0x1f0 ctl 0x3f6 bmdma 0xd000 irq 14
[   11.896002] ata2: PATA max UDMA/33 cmd 0x170 ctl 0x376 bmdma 0xd008 irq 15
[   11.946216] tsc: Refined TSC clocksource calibration: 2659.564 MHz
[   11.976407] clocksource: tsc: mask: 0xffffffffffffffff max_cycles: 0x265608076f2, max_idle_ns: 440795255882 ns
[   11.976634] libphy: Fixed MDIO Bus: probed
[   11.976637] tun: Universal TUN/TAP device driver, 1.6
[   11.976638] tun: (C) 1999-2004 Max Krasnyansky <maxk@qualcomm.com>
[   12.556372] PPP generic driver version 2.4.2
[   12.556443] ehci_hcd: USB 2.0 'Enhanced' Host Controller (EHCI) Driver
[   12.556448] ehci-pci: EHCI PCI platform driver
[   12.556467] ehci-platform: EHCI generic platform driver
[   12.556475] ohci_hcd: USB 1.1 'Open' Host Controller (OHCI) Driver
[   12.556478] ohci-pci: OHCI PCI platform driver
[   12.556486] ohci-platform: OHCI generic platform driver
[   12.556494] uhci_hcd: USB Universal Host Controller Interface driver
[   12.556556] i8042: PNP: PS/2 Controller [PNP0303:PS2K,PNP0f03:PS2M] at 0x60,0x64 irq 1,12
[   12.557037] serio: i8042 KBD port at 0x60,0x64 irq 1
[   12.557042] serio: i8042 AUX port at 0x60,0x64 irq 12
[   12.557154] mousedev: PS/2 mouse device common for all mice
[   12.557416] input: AT Translated Set 2 keyboard as /devices/platform/i8042/serio0/input/input2
[   12.557854] rtc_cmos rtc_cmos: rtc core: registered rtc_cmos as rtc0
[   12.557913] rtc_cmos rtc_cmos: alarms up to one day, 114 bytes nvram
[   12.557920] i2c /dev entries driver
[   12.557977] device-mapper: uevent: version 1.0.3
[   12.558039] device-mapper: ioctl: 4.34.0-ioctl (2015-10-28) initialised: dm-devel@redhat.com
[   12.558057] ledtrig-cpu: registered to indicate activity on CPUs
[   12.558346] NET: Registered protocol family 10
[   12.558508] NET: Registered protocol family 17
[   12.558517] Key type dns_resolver registered
[   12.558657] microcode: CPU0 sig=0x106e5, pf=0x4, revision=0x616
[   12.746040] microcode: CPU1 sig=0x106e5, pf=0x4, revision=0x616
[   12.746152] microcode: Microcode Update Driver: v2.01 <tigran@aivazian.fsnet.co.uk>, Peter Oruba
[   12.746313] registered taskstats version 1
[   12.746327] Loading compiled-in X.509 certificates
[   12.747221] Loaded X.509 cert 'Build time autogenerated kernel key: 35105354eb779045e4d9ad793dead39d5ee93f76'
[   12.747247] zswap: loaded using pool lzo/zbud
[   12.748843] Key type trusted registered
[   12.751563] Key type encrypted registered
[   12.751569] AppArmor: AppArmor sha1 policy hashing enabled
[   12.751571] ima: No TPM chip found, activating TPM-bypass!
[   12.751594] evm: HMAC attrs: 0x1
[   12.751891]   Magic number: 9:920:369
[   12.791896] rtc_cmos rtc_cmos: setting system clock to 2017-07-18 07:22:35 UTC (1500362555)
[   12.792064] BIOS EDD facility v0.16 2004-Jun-25, 0 devices found
[   12.792064] EDD information not available.
[   16.042051] Freeing unused kernel memory: 1488K (ffffffff81f45000 - ffffffff820b9000)
[   17.334368] Write protecting the kernel read-only data: 14336k
[   17.352267] Freeing unused kernel memory: 1760K (ffff880001848000 - ffff880001a00000)
[   17.503347] Freeing unused kernel memory: 112K (ffff880001de4000 - ffff880001e00000)
Loading, please wait...
startin[   17.763908] random: systemd-udevd: uninitialized urandom read (16 bytes read, 4 bits of entropy available)
g version 229
[   17.765352] random: udevadm: uninitialized urandom read (16 bytes read, 4 bits of entropy available)
[   17.765410] random: udevadm: uninitialized urandom read (16 bytes read, 4 bits of entropy available)
[   17.765633] random: udevadm: uninitialized urandom read (16 bytes read, 4 bits of entropy available)
[   17.765700] random: udevadm: uninitialized urandom read (16 bytes read, 4 bits of entropy available)
[   17.765806] random: udevadm: uninitialized urandom read (16 bytes read, 4 bits of entropy available)
[   17.765880] random: udevadm: uninitialized urandom read (16 bytes read, 4 bits of entropy available)
[   17.765949] random: udevadm: uninitialized urandom read (16 bytes read, 4 bits of entropy available)
[   17.766014] random: udevadm: uninitialized urandom read (16 bytes read, 4 bits of entropy available)
[   17.766078] random: udevadm: uninitialized urandom read (16 bytes read, 4 bits of entropy available)
[   18.225290] Fusion MPT base driver 3.04.20
[   18.436020] Copyright (c) 1999-2008 LSI Corporation
[   18.706143] e1000: Intel(R) PRO/1000 Network Driver - version 7.3.21-k8-NAPI
[   19.146165] e1000: Copyright (c) 1999-2006 Intel Corporation.
[   19.273564] Fusion MPT SPI Host driver 3.04.20
[   19.472455] input: ImExPS/2 Generic Explorer Mouse as /devices/platform/i8042/serio1/input/input4
[   19.727247] e1000 0000:00:03.0 eth0: (PCI:33MHz:32-bit) 02:f4:7c:c4:3b:a3
[   19.798666] e1000 0000:00:03.0 eth0: Intel(R) PRO/1000 Network Connection
[   20.193928] e1000 0000:00:08.0 eth1: (PCI:33MHz:32-bit) 08:00:27:13:88:f7
[   20.219890] e1000 0000:00:08.0 eth1: Intel(R) PRO/1000 Network Connection
[   20.299779] e1000 0000:00:08.0 enp0s8: renamed from eth1
[   20.315475] mptbase: ioc0: Initiating bringup
[   20.330350] e1000 0000:00:03.0 enp0s3: renamed from eth0
[   20.378334] ioc0: LSI53C1030 A0: Capabilities={Initiator}
[   20.552822] scsi host2: ioc0: LSI53C1030 A0, FwRev=00000000h, Ports=1, MaxQ=256, IRQ=20
[   21.326619] scsi 2:0:0:0: Direct-Access     VBOX     HARDDISK         1.0  PQ: 0 ANSI: 5
[   21.352693] scsi target2:0:0: Beginning Domain Validation
[   21.387882] scsi target2:0:0: Domain Validation skipping write tests
[   21.389060] scsi target2:0:0: Ending Domain Validation
[   21.390228] scsi target2:0:0: asynchronous
[   21.401437] scsi 2:0:1:0: Direct-Access     VBOX     HARDDISK         1.0  PQ: 0 ANSI: 5
[   22.276156] scsi target2:0:1: Beginning Domain Validation
[   22.276195] floppy0: no floppy controllers found
[   22.276245] work still pending
[   22.480857] scsi target2:0:1: Domain Validation skipping write tests
[   22.526761] scsi target2:0:1: Ending Domain Validation
[   22.531796] scsi target2:0:1: asynchronous
[   22.545221] sd 2:0:0:0: Attached scsi generic sg0 type 0
[   22.797083] sd 2:0:0:0: [sda] 20971520 512-byte logical blocks: (10.7 GB/10.0 GiB)
[   22.797132] sd 2:0:1:0: Attached scsi generic sg1 type 0
[   23.079954] sd 2:0:1:0: [sdb] 20480 512-byte logical blocks: (10.5 MB/10.0 MiB)
[   23.080184] sd 2:0:0:0: [sda] Write Protect is off
[   23.080536] sd 2:0:0:0: [sda] Incomplete mode parameter data
[   23.080538] sd 2:0:0:0: [sda] Assuming drive cache: write through
[   23.593650]  sda: sda1
[   23.594669] sd 2:0:0:0: [sda] Attached SCSI disk
[   23.759486] sd 2:0:1:0: [sdb] Write Protect is off
[   24.057108] sd 2:0:1:0: [sdb] Incomplete mode parameter data
[   24.365603] sd 2:0:1:0: [sdb] Assuming drive cache: write through
[   24.412845] sd 2:0:1:0: [sdb] Attached SCSI disk
Begin: Loading e[   25.826166] md: linear personality registered for level -1
ssential drivers ... [   26.277270] md: multipath personality registered for level -4
[   26.719299] md: raid0 personality registered for level 0
[   26.860301] md: raid1 personality registered for level 1
[   26.941375] raid6: sse2x1   gen()  7719 MB/s
[   27.066028] raid6: sse2x1   xor()  5064 MB/s
[   27.138159] raid6: sse2x2   gen()  8198 MB/s
[   27.215800] raid6: sse2x2   xor()  7107 MB/s
[   27.582105] raid6: sse2x4   gen() 10685 MB/s
[   27.954256] raid6: sse2x4   xor()  7492 MB/s
[   28.201252] raid6: using algorithm sse2x4 gen() 10685 MB/s
[   28.350851] raid6: .... xor() 7492 MB/s, rmw enabled
[   28.351824] raid6: using ssse3x2 recovery algorithm
[   28.358749] xor: measuring software checksum speed
[   28.398055]    prefetch64-sse: 12242.000 MB/sec
[   28.570168]    generic_sse: 11051.000 MB/sec
[   28.677567] xor: using function: prefetch64-sse (12242.000 MB/sec)
[   28.846018] async_tx: api initialized (async)
[   28.860252] md: raid6 personality registered for level 6
[   28.868061] md: raid5 personality registered for level 5
[   28.870165] md: raid4 personality registered for level 4
[   28.877643] md: raid10 personality registered for level 10
done.
Begin: Running /scripts/init-premount ... done.
Begin: Mounting root file system ... Begin: Running /scripts/loc[   28.929223] Btrfs loaded
al-top ... done.
Begin: Running /scripts/local-premount ... Scanning for Btrfs filesystems
done.
Warning: fsck not present, so skipping root file system
[   29.054280] EXT4-fs (sda1): mounted filesystem with ordered data mode. Opts: (null)
done.
Begin: Running /scripts/local-bottom ... done.
Begin: Running /scripts/init-bottom ... done.
[   29.522794] systemd[1]: systemd 229 running in system mode. (+PAM +AUDIT +SELINUX +IMA +APPARMOR +SMACK +SYSVINIT +UTMP +LIBCRYPTSETUP +GCRYPT +GNUTLS +ACL +XZ -LZ4 +SECCOMP +BLKID +ELFUTILS +KMOD -IDN)
[   29.529861] systemd[1]: Detected virtualization oracle.
[   29.530868] systemd[1]: Detected architecture x86-64.

Welcome to [1mUbuntu 16.04.2 LTS[0m!

[   29.597832] systemd[1]: Set hostname to <ubuntu-xenial>.
[   30.140018] random: nonblocking pool is initialized
[ 30372953] std[: stinondev rn Socket.
[[0;32m  OK  [0m] Listening on udev Kernel Socket.
[  3.91268] systemd[1]: Created slice User and Session Slice.
[[0;32m  OK  [0m] Created slice User and Session Slice.
[   31.054026] systemd[1]: Started Forward Password Requests to Wall Directory Watch.
[[0;32m  OK  [0m] Started Forward Password Requests to Wall Directory Watch.
[  3.0066]syted[1]: Listening on LVM2 poll daemon socket.
[[0;32m  OK  [0m] Listening on LVM2 poll daemon socket.
[   31.276122] systemd[1]: Reached target Swap.
[[0;32m  OK  [0m] Reached target Swap.
[   31.281338] systemd[1]: Listening on LVM2 metadata daemon socket.
[[0;32m  OK  [0m] Listening on LVM2 metadata daemon socket.
[  3.285520] systemd[1]: Created slice System Slice.
[[0;32m  OK  [0m] Created slice System Slice.
[  34978syem1]Rehetarg Sce
[[0;32m  OK  [0m] Reached target Slices.
[ 32902]systemd[1]: Listening on Journal Socket (/dev/log).
[[0;32m  OK  [0m] Listening on Journal Socket (/dev/log).
[   32.307227] systemd[1]: Reached target User and Group Name Lookups.
[[0;32m  OK  [0m] Reached target User and Group Name Lookups.
[ 32865]ysmd]:isnig on Deve-pp entaen FO.
[[0;32m  OK  [0m] Listening on Device-mapper event daemon FIFOs.
[ 33.374584] std[: stinondeinctl Compatibily mePi.
[[0;32m  OK  [0m] Listening on /dev/initctl Compatibility Named Pipe.
[  34.2347] std[1]: Liseng  Jrn Aitocet.
[[0;32m  OK  [0m] Listening on Journal Audit Socket.
[   34.8825]ysemd[1]: Rehetaetncrypted Voles

[[0;32m  OK  [0m] Reached target Encrypted Volumes.
[   35.4679]ysem1]Crtesle ystem-serial\xdgtyli.
[[0;32m  OK  [0m] Created slice system-serial\x2dgetty.slice.
[   3.177] syte[1 Ltening o uv ntl ckt.
[[0;32m  OK  [0m] Listening on udev Control Socket.
[   360215] systemd[: t up autou AitryExecutab Fe rmats Fileysm tounPot.
[[0;32m  OK  [0m] Set up automount Arbitrary Executab...ats File System Automount Point.
[   .977] systemd[: stinon Syslog Soet
[[0;32m  OK  [0m] Listening on Syslog Socket.
[ 38862]ysmd]:Listening on Journal Socket.
[[0;32m  OK  [0m] Listening on Journal Socket.
[   38.818472] systemd[1]: Starting Uncomplicated firewall...
         Starting Uncomplicated firewall...
[   38.823265] systemd[1]: Starting Journal Service...
         Starting Journal Service...
[   38.840608] systemd[1]: Starting Monitoring of LVM2 mirrors, snapshots etc. using dmeventd or progress polling...
         Starting Monitoring of LVM2 mirrors... dmeventd or progress polling...
[   38.914528] systemd[1]: Starting Set console keymap...
         Starting Set console keymap...
[   38.923552] systemd[1]: Mounting POSIX Message Queue File System...
         Mounting POSIX Message Queue File System...
[   38.932096] systemd[1]: Starting Remount Root and Kernel File Systems...
         Starting Remount Root and Kernel File Systems...
[   38.940184] systemd[1]: Mounting Huge Pages File System...
         Mounting Huge Pages File System...
[   38.945287] systemd[1]: Mounting Debug File System...
         Mounting Debug File System...
[   38.986444] systemd[1]: Starting Create list of required static device nodes for the current kernel...
         Starting Create list of required st... nodes for the current kernel...
[   38.996572] systemd[1]: Starting Nameserver information manager...
         Starting Nameserver information manager...
[   39.038331] systemd[1]: Starting Load Kernel Modules...
         Starting Load Kernel Modules...
[   39.050535] systemd[1]: Started Trigger resolvconf update for networkd DNS.
[[0;32m  OK  [0m] Started Trigger resolvconf update for networkd DNS.
[   39.086595] systemd[1]: Started Uncomplicated firewall.
[[0;32m  OK  [0m] Started Uncomplicated firewall.
[   39.094653] systemd[1]: Started Create list of required static device nodes for the current kernel.
[[0;32m  OK  [0m] Started Create list of required [   39.107086] EXT4-fs (sda1): re-mounted. Opts: (null)
sta...ce nodes for the current kernel.
[   39.307083] systemd[1]: Mounted POSIX Message Queue File System.
[[0;32m  OK  [0m] Mounted POSIX Message Queue File System.
[   39.317820] systemd[1]: Started Remount Root and Kernel File Systems.
[[0;32m  OK  [0m] Started Remount Root and Kernel File Systems.
[   39.349799] systemd[1]: Mounted Huge Pages File System.
[[0;32m  OK  [0m] Mounted Huge Pages File System.
[   39.358784] systemd[1]: Mounted Debug File System.
[[0;32m  OK  [0m] Mounted Debug File System.
[   39.728261] Loading iSCSI transport class v2.0-870.
[   39.882918] iscsi: registered transport (tcp)
[   39.893117] systemd[1]: Started Journal Service.
[[0;32m  OK  [0m] Started Journal Service.
[[0;32m  OK  [0m] Started Set console keymap.
[[0;32m  OK  [0m] Started Nameserver information manager.
[   39.957975] iscsi: registered transport (iser)
[[0;32m  OK  [0m] Started LVM2 metadata daemon.
         Starting Load/Save Random Seed...
         Starting Initial cloud-init job (pre-networking)...
         Starting Flush Journal to Persistent Storage...
         Starting udev Coldplug all Devices...
         Starting Create Static Device Nodes in /dev...
[[0;32m  OK  [0m] Started Monitoring of LVM2 mirrors,...ng dmeventd or progress polling.
[[0;32m  OK  [0m] Started Load Kernel Modules.
[[0;32m  OK  [0m] Started Load/Save Random Seed.
[[0;32m  OK  [0m] Started Create Static Device Nodes in /dev.
[   40.832649] systemd-journald[358]: Received request to flush runtime journal from PID 1
         Starting udev Kernel Device Manager...
         Mounting FUSE Control File System...
         Starting Apply Kernel Variables...
[[0;32m  OK  [0m] Mounted FUSE [   41.059759] ACPI: Video Device [GFX0] (multi-head: yes  rom: no  post: no)
Control File Sys[   41.298722] input: Video Bus as /devices/LNXSYSTM:00/LNXSYBUS:00/PNP0A03:00/LNXVIDEO:00/input/input5
tem.
[[0;32m  OK  [0m] Started udev Kernel Device Manager.
[[0;32m  OK  [0m] Started Flush Journal to Persistent Storage.
[[0;32m  OK  [0m] Started udev Coldplug all Devices.
[[0;32m  OK  [0m] Started Apply Kernel Variables.
[[0;32m  OK  [0m] Found device /dev/ttyS0.
[[0;32m  OK  [0m] Started Dispatch Password Requests to Console Directory Watch.
[[0;32m  OK  [0m] Reached target Local File Systems (Pre).
[[0;32m  OK  [0m] Reached target Local File Systems.
         Starting LSB: AppArmor initialization...
         Starting Create Volatile Files and Directories...
         Starting Tell Plymouth To Write Out Runtime Data...
         Starting Set console font and keymap...
[[0;32m  OK  [0m] Started Tell Plymouth To Write Out Runtime Data.
[[0;32m  OK  [0m] Listening on Load/Save RF Kill Switch Status /dev/rfkill Watch.
[[0;32m  OK  [0m] Started LSB: AppArmor initialization.
[[0;32m  OK  [0m] Started Set console font and keymap.
[[0;32m  OK  [0m] Created slice system-getty.slice.
[   38.615678] cloud-init[436]: Cloud-init v. 0.7.9 running 'init-local' at Tue, 18 Jul 2017 07:23:06 +0000. Up 37.75 seconds.
[[0;32m  OK  [0m] Started Initial cloud-init job (pre-networking).
[[0;32m  OK  [0m] Reached target Network (Pre).
[[0;32m  OK  [0m] Started ifup for enp0s3.
         Starting Raise network interfaces...
[[0;32m  OK  [0m] Started ifup for enp0s8.
[[0;32m  OK  [0m] Started Raise network interfaces.
[[0;32m  OK  [0m] Reached target Network.
         Starting Initial cloud-init job (metadata service crawler)...
[[0;32m  OK  [0m] Started Create Volatile Files and Directories.
         Starting Update UTMP about System Boot/Shutdown...
[[0;32m  OK  [0m] Reached target System Time Synchronized.
[[0;32m  OK  [0m] Started Update UTMP about System Boot/Shutdown.
[   40.218557] cloud-init[1044]: Cloud-init v. 0.7.9 running 'init' at Tue, 18 Jul 2017 07:23:08 +0000. Up 39.60 seconds.
[   40.356773] [cloud-init[0;32m  OK  [0m[1044]: ] ci-info: ++++++++++++++++++++++++++++++++++++++Net device info++++++++++++++++++++++++++++++++++++++Started Initial cloud-init job (metadata service crawler).

[   40.357466] cloud-init[1044]: ci-info: +--------+------+-----------------------------+---------------+-------+-------------------+[[0;32m  OK  [0m] Reached target System Initialization.

[   40.389746] cloud-init[1044]: ci-info: | Device |  Up  |           Address           |      Mask     | Scope |     Hw-Address    |
[   40.393757]          cloud-initStarting LXD - unix socket.[1044]: 
ci-info: +--------+------+-----------------------------+---------------+-------+-------------------+
[   40.397916] cloud-init[1044]: ci-info: |   lo   | True |          127.0.0.1          |   255.0.0.0   |   .   |         .         |
[   40.401639] [cloud-init[0;32m  OK  [0m[1044]: ] ci-info: |   lo   | True |           ::1/128           |       .       |  host |         .         |Started ACPI Events Check.

[   40.406198] [cloud-init[0;32m  OK  [0m[1044]: ] ci-info: | enp0s8 | True |        192.168.39.86        | 255.255.255.0 |   .   | 08:00:27:13:88:f7 |Reached target Paths.

[   40.410654] [cloud-init[0;32m  OK  [0m[1044]: ] ci-info: | enp0s8 | True | fe80::a00:27ff:fe13:88f7/64 |       .       |  link | 08:00:27:13:88:f7 |Started Daily Cleanup of Temporary Directories.

[   40.415385] cloud-init[1044]: ci-info: | enp0s3 | True |          10.0.2.15          | 255.255.255.0 |   .   | 02:f4:7c:c4:3b:a3 |
[   40.419245] cloud-init[1044]: ci-info: | enp0s3 | True |  fe80::f4:7cff:fec4:3ba3/64 |       .       |  link | 02:f4:7c:c4:3b:a3 |
[   40.423161] cloud-init[1044]: ci-info: +--------+------+-----------------------------+---------------+-------+-------------------+
[   40.426948] [cloud-init[0;32m  OK  [0m[1044]: ] ci-info: ++++++++++++++++++++++++++++Route IPv4 info++++++++++++++++++++++++++++Started Daily apt activities.

[   40.431234] [cloud-init[0;32m  OK  [0m[1044]: ] ci-info: +-------+--------------+----------+---------------+-----------+-------+Started Timer to automatically refresh installed snaps.

[   40.435855] [cloud-init[0;32m  OK  [0m[1044]: ] ci-info: | Route | Destination  | Gateway  |    Genmask    | Interface | Flags |Reached target Timers.

[   40.440044]          cloud-initStarting Socket activation for snappy daemon.[1044]: 
ci-info: +-------+--------------+----------+---------------+-----------+-------+
[   40.444335] [cloud-init[0;32m  OK  [0m[1044]: ] ci-info: |   0   |   0.0.0.0    | 10.0.2.2 |    0.0.0.0    |   enp0s3  |   UG  |Listening on UUID daemon activation socket.

[   40.448866] [cloud-init[0;32m  OK  [0m[1044]: ] ci-info: |   1   |   10.0.2.0   | 0.0.0.0  | 255.255.255.0 |   enp0s3  |   U   |Listening on ACPID Listen Socket.

[   40.453314] [cloud-init[0;32m  OK  [0m[1044]: ] ci-info: |   2   | 192.168.39.0 | 0.0.0.0  | 255.255.255.0 |   enp0s8  |   U   |Listening on D-Bus System Message Bus Socket.

[   40.458033] [cloud-init[0;32m  OK  [0m[1044]: ] ci-info: +-------+--------------+----------+---------------+-----------+-------+Reached target Network is Online.

         Starting iSCSI initiator daemon (iscsid)...
[[0;32m  OK  [0m] Reached target Cloud-config availability.
[[0;32m  OK  [0m] Listening on LXD - unix socket.
[[0;32m  OK  [0m] Listening on Socket activation for snappy daemon.
[[0;32m  OK  [0m] Reached target Sockets.
[[0;32m  OK  [0m] Reached target Basic System.
[[0;32m  OK  [0m] Started Deferred execution scheduler.
[[0;32m  OK  [0m] Started Snappy daemon.
[[0;32m  OK  [0m] Started isucon6 qualifier sub application in perl.
         Starting Login Service...
[[0;32m  OK  [0m] Started Unattended Upgrades Shutdown.
[[0;32m  OK  [0m] Started Regular background program processing daemon.
         Starting System Logging Service...
[[0;32m  OK  [0m] Started D-Bus System Message Bus.
[[0;32m  OK  [0m] Started ACPI event daemon.
         Starting LSB: Record successful boot for GRUB...
         Starting A high performance web server and a reverse proxy server...
         Starting Apply the settings specified in cloud-config...
         Starting MySQL Community Server...
         Starting Accounts Service...
         Starting LSB: MD monitoring daemon...
[[0;32m  OK  [0m] Started FUSE filesystem for LXC.
         Starting OpenBSD Secure Shell server...
         Starting Auto import assertions from block devices...
         Starting /etc/rc.local Compatibility...
[[0;32m  OK  [0m] Started isucon6 bench worker.
         Starting LXD - container startup/shutdown...
[[0;32m  OK  [0m] Started isupam is an isucon6 qualifier sub application.
[[0;32m  OK  [0m] Started isucon6 qualifier main application in perl.
[[0;32m  OK  [0m] Started System Logging Service.
[[0;32m  OK  [0m] Started iSCSI initiator daemon (iscsid).
[[0;32m  OK  [0m] Started Auto import assertions from block devices.
[[0;32m  OK  [0m] Started /etc/rc.local Compatibility.
         Starting Login to default iSCSI targets...
[   42.410133] cloud-init[1138]: Cloud-init v. 0.7.9 running 'modules:config' at Tue, 18 Jul 2017 07:23:11 +0000. Up 41.92 seconds.
[[0;32m  OK  [0m] Started Login Service.
[[0;32m  OK  [0m] Started Apply the settings specified in cloud-config.
[[0;32m  OK  [0m] Started LSB: Record successful boot for GRUB.
[[0;32m  OK  [0m] Started LSB: MD monitoring daemon.
[[0;32m  OK  [0m] Started Login to default iSCSI targets.
[[0;32m  OK  [0m] Reached target Remote File Systems (Pre).
[[0;32m  OK  [0m] Reached target Remote File Systems.
         Starting LSB: Set the CPU Frequency Scaling governor to "ondemand"...
         Starting LSB: VirtualBox Linux Additions...
         Starting LSB: daemon to balance interrupts for SMP systems...
         Starting Permit User Sessions...
         Starting LSB: automatic crash report generation...
[[0;32m  OK  [0m] Started Permit User Sessions.
[[0;32m  OK  [0m] Started LSB: Set the CPU Frequency Scaling governor to "ondemand".
[[0;32m  OK  [0m] Started OpenBSD Secure Shell server.
[[0;32m  OK  [0m] Started A high performance web server and a reverse proxy server.
         Starting Authenticate and Authorize Users to Run Privileged Tasks...
         Starting Terminate Plymouth Boot Screen...
         Starting Hold until boot process finishes up...
[[0;32m  OK  [0m] Started Hold until boot process finishes up.
[[0;32m  OK  [0m] Started Terminate Plymouth Boot Screen.
[[0;32m  OK  [0m] Started Getty on tty1.
         Starting Set console scheme...
[[0;32m  OK  [0m] Started Serial Getty on ttyS0.
[[0;32m  OK  [0m] Reached target Login Prompts.
[[0;32m  OK  [0m] Started LSB: daemon to balance interrupts for SMP systems.
[[0;32m  OK  [0m] Started LSB: automatic crash report generation.
[[0;32m  OK  [0m] Started S         Stopp          Stopping Getty on tty1...
         Stopping FUSE filesystem for LXC...
         Stopping isucon6 bench worker...
         Stopping Unattended Upgrades Shutdown...
         Stopping LSB: Record successful boot for GRUB...
         Stopping System Logging Service...
         Stopping Snappy daemon...
         Stopping LSB: automatic crash report generation...
         Stopping LSB: MD monitoring daemon...
         Stopping LSB: VirtualBox Linux Additions...
         Stopping LXD - container startup/shutdown...
         Stopping LSB: daemon to balance interrupts for SMP systems...
         Stopping OpenBSD Secure Shell server...
         Stopping Accounts Service...
         Stopping Deferred execution scheduler...
[[0;32m  OK  [0m] Stopped Apply the settings specified in cloud-config.
[[0;32m  OK  [0m] Stopped target Cloud-config availability.
         Stopping Regular background program processing daemon...
         Stopping LSB: Set the CPU Frequency Scaling governor to "ondemand"...
         Stopping D-Bus System Message Bus...
[[0;32m  OK  [0m] Unmounted /var/lib/lxcfs.
[[0;32m  OK  [0m] Stopped System Logging Service.
[[0;32m  OK  [0m] Stopped Snappy daemon.
[[0;32m  OK  [0m] Stopped ACPI event daemon.
[[0;32m  OK  [0m] Stopped Accounts Service.
[[0;32m  OK  [0m] Stopped Deferred execution scheduler.
[[0;32m  OK  [0m] Stopped Regular background program processing daemon.
[[0;32m  OK  [0m] Stopped OpenBSD Secure Shell server.
[[0;32m  OK  [0m] Stopped Getty on tty1.
[[0;32m  OK  [0m] Stopped Serial Getty on ttyS0.
[[0;32m  OK  [0m] Stopped Authenticate and Authorize Users to Run Privileged Tasks.
[[0;32m  OK  [0m] Stopped User Manager for UID 1000.
[[0;32m  OK  [0m] Stopped Session 2 of user ubuntu.
[[0;32m  OK  [0m] Stopped Unattended Upgrades Shutdown.
[[0;32m  OK  [0m] Stopped D-Bus System Message Bus.
[[0;32m  OK  [0m] Stopped FUSE filesystem for LXC.
[[0;32m  OK  [0m] Stopped LSB: MD monitoring daemon.
[[0;32m  OK  [0m] Stopped LSB: Record successful boot for GRUB.
[[0;32m  OK  [0m] Stopped LSB: automatic crash report generation.
[[0;32m  OK  [0m] Stopped LSB: VirtualBox Linux Additions.
[[0;32m  OK  [0m] Stopped LSB: daemon to balance interrupts for SMP systems.
[[0;32m  OK  [0m] Stopped LXD - container startup/shutdown.
[[0;32m  OK  [0m] Stopped LSB: Set the CPU Frequency Scaling governor to "ondemand".
[[0;32m  OK  [0m] Removed slice User Slice of ubuntu.
         Stopping Login Service...
[[0;32m  OK  [0m] Removed slice system-serial\x2dgetty.slice.
[[0;32m  OK  [0m] Stopped /etc/rc.local Compatibility.
         Stopping Permit User Sessions...
[[0;32m  OK  [0m] Removed slice system-getty.slice.
[[0;32m  OK  [0m] Stopped Permit User Sessions.
[[0;32m  OK  [0m] Stopped target Remote File Systems.
[[0;32m  OK  [0m] Stopped target Remote File Systems (Pre).
         Stopping Login to default iSCSI targets...
[[0;32m  OK  [0m] Stopped Login Service.
[[0;32m  OK  [0m] Stopped isucon6 bench worker.
[[0;32m  OK  [0m] Stopped target User and Group Name Lookups.
[[0;32m  OK  [0m] Stopped target Basic System.
[[0;32m  OK  [0m] Stopped target Sockets.
[[0;32m  OK  [0m] Closed LXD - unix socket.
[[0;32m  OK  [0m] Closed UUID daemon activation socket.
[[0;32m  OK  [0m] Closed ACPID Listen Socket.
[[0;32m  OK  [0m] Closed Socket activation for snappy daemon.
[[0;32m  OK  [0m] Closed Syslog Socket.
[[0;32m  OK  [0m] Closed D-Bus System Message Bus Socket.
[[0;32m  OK  [0m] Stopped target Paths.
[[0;32m  OK  [0m] Stopped ACPI Events Check.
[[0;32m  OK  [0m] Stopped Dispatch Password Requests to Console Directory Watch.
[[0;32m  OK  [0m] Stopped Forward Password Requests to Wall Directory Watch.
[[0;32m  OK  [0m] Stopped target System Initialization.
[[0;32m  OK  [0m] Stopped target Swap.
         Stopping Update UTMP about System Boot/Shutdown...
[[0;32m  OK  [0m] Stopped target Encrypted Volumes.
         Stopping Load/Save Random Seed...
[[0;32m  OK  [0m] Stopped target Slices.
[[0;32m  OK  [0m] Removed slice User and Session Slice.
[[0;32m  OK  [0m] Stopped Load/Save Random Seed.
[[0;32m  OK  [0m] Stopped Update UTMP about System Boot/Shutdown.
[[0;32m  OK  [0m] Stopped Login to default iSCSI targets.
         Stopping iSCSI initiator daemon (iscsid)...
[[0;32m  OK  [0m] Stopped Create Volatile Files and Directories.
[[0;32m  OK  [0m] Stopped iSCSI initiator daemon (iscsid).
[[0;32m  OK  [0m] Stopped target Network is Online.
[[0;32m  OK  [0m] Stopped Initial cloud-init job (metadata service crawler).
[[0;32m  OK  [0m] Stopped target Network.
         Stopping Raise network interfaces...
[[0;32m  OK  [0m] Stopped Raise network interfaces.
[[0;32m  OK  [0m] Stopped Apply Kernel Variables.
[[0;32m  OK  [0m] Stopped Load Kernel Modules.
[[0;32m  OK  [0m] Stopped target Local File Systems.
         Unmounting /run/user/1000...
         Unmounting /vagrant...
[[0;32m  OK  [0m] Stopped target Network (Pre).
[[0;32m  OK  [0m] Stopped Initial cloud-init job (pre-networking).
[[0;32m  OK  [0m] Unmounted /run/user/1000.
[[0;32m  OK  [0m] Unmounted /vagrant.
[[0;32m  OK  [0m] Reached target Unmount All Filesystems.
[[0;32m  OK  [0m] Stopped target Local File Systems (Pre).
         Stopping Monitoring of LVM2 mirrors... dmeventd or progress polling...
[[0;32m  OK  [0m] Stopped Create Static Device Nodes in /dev.
[[0;32m  OK  [0m] Stopped Remount Root and Kernel File Systems.
[[0;32m  OK  [0m] Reached target Shutdown.
[ 68.826156reot: Power ow

hs.
[[0;32m  OK  [0m] Stopped ACPI Events Check.
[[0;32m  OK  [0m] Stopped Forward Password Requests to Wall Directory Watch.
[[0;32m  OK  [0m] Stopped Dispatch Password Requests to Console Directory Watch.
[[0;32m  OK  [0m] Removed slice User and Session Slice.
[[0;32m  OK  [0m] Closed D-Bus System Message Bus Socket.
[[0;32m  OK  [0m] Stopped target System Initialization.
[[0;32m  OK  [0m] Stopped Create Volatile Files and Directories.
[[0;32m  OK  [0m] Stopped target Encrypted Volumes.
         Stopping Load/Save Random Seed...
[[0;32m  OK  [0m] Stopped target Swap.
[[0;32m  OK  [0m] Stopped Load/Save Random Seed.
[[0;32m  OK  [0m] Stopped Login to default iSCSI targets.
         Stopping iSCSI initiator daemon (iscsid)...
[[0;32m  OK  [0m] Stopped iSCSI initiator daemon (iscsid).
[[0;32m  OK  [0m] Stopped target Network is Online.
[[0;32m  OK  [0m] Stopped Initial cloud-init job (metadata service crawler).
[[0;32m  OK  [0m] Stopped target Network.
         Stopping Raise network interfaces...
[[0;32m  OK  [0m] Stopped Raise network interfaces.
[[0;32m  OK  [0m] Stopped Apply Kernel Variables.
[[0;32m  OK  [0m] Stopped Load Kernel Modules.
[[0;32m  OK  [0m] Stopped target Local File Systems.
         Unmounting /vagrant...
         Unmounting /run/user/1000...
[[0;32m  OK  [0m] Stopped target Network (Pre).
[[0;32m  OK  [0m] Stopped Initial cloud-init job (pre-networking).
[[0;32m  OK  [0m] Unmounted /vagrant.
[[0;32m  OK  [0m] Unmounted /run/user/1000.
[[0;32m  OK  [0m] Reached target Unmount All Filesystems.
[[0;32m  OK  [0m] Stopped target Local File Systems (Pre).
[[0;32m  OK  [0m] Stopped Create Static Device Nodes in /dev.
         Stopping Monitoring of LVM2 mirrors... dmeventd or progress polling...
[[0;32m  OK  [0m] Stopped Remount Root and Kernel File Systems.
[[0;32m  OK  [0m] Reached target Shutdown.
[ 9547198]ebt:ow dn
